2026-02-21T04:53:40.696232Z DEBUG flox: FLOX_VERSION=1.7.7
2026-02-21T04:53:40.696327Z DEBUG flox::config: Global config directory overridden path="/home/daedalus/.config/flox"
2026-02-21T04:53:40.696473Z DEBUG flox::utils::init::sentry: Initializing Sentry with DSN: https://85c9526795f5047c99a5247aab616295:@o4506548203094016.ingest.us.sentry.io/4506548241825792
2026-02-21T04:53:40.702254Z DEBUG flox: set _FLOX_SUBSYSTEM_VERBOSITY=2
2026-02-21T04:53:40.703402Z DEBUG flox::config: Global config directory overridden path="/home/daedalus/.config/flox"
2026-02-21T04:53:40.703684Z DEBUG flox::utils::update_notifications: Skipping update check in development mode
2026-02-21T04:53:40.703742Z DEBUG flox::commands: Metrics collection enabled
2026-02-21T04:53:40.703839Z DEBUG flox::utils::init::catalog_client: using catalog client with url: https://api.flox.dev
2026-02-21T04:53:40.708790Z DEBUG flox::commands: feature flags configured=Features { upload: false, qa: false }
2026-02-21T04:53:40.708930Z DEBUG check-upgrade: flox::utils::metrics: pushing entry to metrics buffer: MetricEntry { subcommand: Some("check-upgrade"), extras: {}, timestamp: 2026-02-21 4:53:40.708881762 +00:00:00, uuid: b40414b8-22b2-4377-87ff-80a0aac67ed0, flox_version: "1.7.7", os_family: Some("Linux"), os_family_release: Some("6.12.48+deb13-amd64"), os: Some("debian"), os_version: Some("13"), empty_flags: [] }
2026-02-21T04:53:40.714222Z DEBUG check-upgrade: flox_rust_sdk::models::environment: detected concrete environment type: path
2026-02-21T04:53:40.714742Z DEBUG check-upgrade: flox_rust_sdk::providers::upgrade_checks: created unlocked upgrade information guard upgrade_information_path="/home/daedalus/dev/comfyui-client/.flox/cache/upgrade-checks.json"
2026-02-21T04:53:40.714761Z DEBUG check-upgrade: flox_rust_sdk::providers::upgrade_checks: lock acquired upgrade_information_path="/home/daedalus/dev/comfyui-client/.flox/cache/upgrade-checks.json"
2026-02-21T04:53:40.714838Z DEBUG check-upgrade:check-upgrade: flox_rust_sdk::models::environment::core_environment: upgrading to_upgrade=""
2026-02-21T04:53:40.714879Z DEBUG check-upgrade:check-upgrade: flox_rust_sdk::models::environment::core_environment: checking group membership for requested packages
2026-02-21T04:53:40.714883Z DEBUG check-upgrade:check-upgrade: flox_rust_sdk::models::environment::core_environment: using catalog client to upgrade
2026-02-21T04:53:40.714885Z DEBUG check-upgrade:check-upgrade: flox_rust_sdk::models::environment::core_environment: upgrading to_upgrade=""
2026-02-21T04:53:40.714997Z DEBUG check-upgrade:check-upgrade:resolve_manifest: flox_rust_sdk::models::lockfile: All packages are already locked, skipping resolution
2026-02-21T04:53:40.715126Z DEBUG check-upgrade:check-upgrade:build: flox_rust_sdk::providers::buildenv: bulk checking validity of store_paths (paths passed to stdin) cmd=/nix/store/c279mi21n6hs65l5bj8bg0pa50wybskq-nix-2.31.2/bin/nix --option extra-experimental-features 'nix-command flakes' path-info --offline --stdin
2026-02-21T04:53:40.735441Z DEBUG check-upgrade:check-upgrade:build: flox_rust_sdk::providers::buildenv: no paths to create gc roots for, skipping
2026-02-21T04:53:40.735471Z DEBUG check-upgrade:check-upgrade:build: flox_rust_sdk::providers::buildenv: using 'auto' store
2026-02-21T04:53:40.735477Z DEBUG check-upgrade:check-upgrade:build: flox_rust_sdk::providers::buildenv: building environment cmd=/nix/store/c279mi21n6hs65l5bj8bg0pa50wybskq-nix-2.31.2/bin/nix --option extra-experimental-features 'nix-command flakes' --option pure-eval false --print-build-logs build --no-link --offline --json --file /nix/store/i0vmkszwzdn7r705x8d3fg5jis7s88pi-flox-buildenv-0.0.1/lib/buildenv.nix --argstr manifestLock /home/daedalus/.cache/flox/process/.tmpz8Ij4n/.tmptwQgiL
2026-02-21T04:53:40.757735Z DEBUG check-upgrade: flox::commands::check_for_upgrades: Upgrading information with new result. diff={}
2026-02-21T04:53:40.757780Z DEBUG check-upgrade: flox_rust_sdk::providers::upgrade_checks: wrote upgrade information upgrade_information_path="/home/daedalus/dev/comfyui-client/.flox/cache/upgrade-checks.json"
2026-02-21T04:53:40.758420Z DEBUG flox::commands: removing process tempdir temp_dir="/home/daedalus/.cache/flox/process/.tmpz8Ij4n"
2026-02-21T04:53:40.758546Z DEBUG flox::utils::metrics: Sending metrics to https://z7qixlmjr3.execute-api.eu-north-1.amazonaws.com/prod/capture
2026-02-21T04:53:40.758551Z DEBUG flox::utils::metrics: Metrics: [
  {
    "event": "cli-invocation",
    "properties": {
      "$current_url": "flox://publish",
      "$device_id": "b40414b8-22b2-4377-87ff-80a0aac67ed0",
      "$lib": "flox-cli",
      "$os": "Linux",
      "$pathname": "publish",
      "$set": {
        "$os": "Linux",
        "flox_cli_uuid": "b40414b8-22b2-4377-87ff-80a0aac67ed0",
        "flox_version": "1.7.7",
        "kernel_version": "6.12.48+deb13-amd64",
        "os": "debian",
        "os_family": "Linux",
        "os_family_release": "6.12.48+deb13-amd64",
        "os_version": "13",
        "test": true,
        "used_rust_preview": true
      },
      "$set_once": {
        "$initial_os": "Linux",
        "initial_flox_version": "1.7.7",
        "initial_kernel_version": "6.12.48+deb13-amd64",
        "initial_os": "debian",
        "initial_os_family": "Linux",
        "initial_os_family_release": "6.12.48+deb13-amd64",
        "initial_os_version": "13"
      },
      "ci": false,
      "containerd": false,
      "distinct_id": "b40414b8-22b2-4377-87ff-80a0aac67ed0",
      "empty_flags": [],
      "extras": {
        "path_environment": "build-comfyui-client"
      },
      "kernel_version": "6.12.48+deb13-amd64",
      "os": "debian",
      "os_family": "Linux",
      "os_family_release": "6.12.48+deb13-amd64",
      "os_version": "13",
      "subcommand": "publish"
    },
    "timestamp": "2026-02-21T04:36:48.841097414Z",
    "uuid": "8cc03e32-b83d-4cd9-b33b-d54e3386fd8c"
  },
  {
    "event": "cli-invocation",
    "properties": {
      "$current_url": "flox://publish",
      "$device_id": "b40414b8-22b2-4377-87ff-80a0aac67ed0",
      "$lib": "flox-cli",
      "$os": "Linux",
      "$pathname": "publish",
      "$set": {
        "$os": "Linux",
        "flox_cli_uuid": "b40414b8-22b2-4377-87ff-80a0aac67ed0",
        "flox_version": "1.7.7",
        "kernel_version": "6.12.48+deb13-amd64",
        "os": "debian",
        "os_family": "Linux",
        "os_family_release": "6.12.48+deb13-amd64",
        "os_version": "13",
        "test": true,
        "used_rust_preview": true
      },
      "$set_once": {
        "$initial_os": "Linux",
        "initial_flox_version": "1.7.7",
        "initial_kernel_version": "6.12.48+deb13-amd64",
        "initial_os": "debian",
        "initial_os_family": "Linux",
        "initial_os_family_release": "6.12.48+deb13-amd64",
        "initial_os_version": "13"
      },
      "ci": false,
      "containerd": false,
      "distinct_id": "b40414b8-22b2-4377-87ff-80a0aac67ed0",
      "empty_flags": [],
      "extras": {
        "has_expression_build": "true",
        "has_manifest_build": "false"
      },
      "kernel_version": "6.12.48+deb13-amd64",
      "os": "debian",
      "os_family": "Linux",
      "os_family_release": "6.12.48+deb13-amd64",
      "os_version": "13",
      "subcommand": "publish"
    },
    "timestamp": "2026-02-21T04:36:50.101990527Z",
    "uuid": "24ec86b7-8ad6-45a0-8802-c645808a2736"
  },
  {
    "event": "cli-invocation",
    "properties": {
      "$current_url": "flox://activate",
      "$device_id": "b40414b8-22b2-4377-87ff-80a0aac67ed0",
      "$lib": "flox-cli",
      "$os": "Linux",
      "$pathname": "activate",
      "$set": {
        "$os": "Linux",
        "flox_cli_uuid": "b40414b8-22b2-4377-87ff-80a0aac67ed0",
        "flox_version": "1.7.7",
        "kernel_version": "6.12.48+deb13-amd64",
        "os": "debian",
        "os_family": "Linux",
        "os_family_release": "6.12.48+deb13-amd64",
        "os_version": "13",
        "test": true,
        "used_rust_preview": true
      },
      "$set_once": {
        "$initial_os": "Linux",
        "initial_flox_version": "1.7.7",
        "initial_kernel_version": "6.12.48+deb13-amd64",
        "initial_os": "debian",
        "initial_os_family": "Linux",
        "initial_os_family_release": "6.12.48+deb13-amd64",
        "initial_os_version": "13"
      },
      "ci": false,
      "containerd": false,
      "distinct_id": "b40414b8-22b2-4377-87ff-80a0aac67ed0",
      "empty_flags": [],
      "extras": {
        "mode": "dev",
        "path_environment": "build-comfyui-client",
        "start_services": "false"
      },
      "kernel_version": "6.12.48+deb13-amd64",
      "os": "debian",
      "os_family": "Linux",
      "os_family_release": "6.12.48+deb13-amd64",
      "os_version": "13",
      "subcommand": "activate"
    },
    "timestamp": "2026-02-21T04:53:40.692600644Z",
    "uuid": "d479309a-e271-4b9f-95d1-158a4e6ce4f5"
  },
  {
    "event": "cli-invocation",
    "properties": {
      "$current_url": "flox://activate",
      "$device_id": "b40414b8-22b2-4377-87ff-80a0aac67ed0",
      "$lib": "flox-cli",
      "$os": "Linux",
      "$pathname": "activate",
      "$set": {
        "$os": "Linux",
        "flox_cli_uuid": "b40414b8-22b2-4377-87ff-80a0aac67ed0",
        "flox_version": "1.7.7",
        "kernel_version": "6.12.48+deb13-amd64",
        "os": "debian",
        "os_family": "Linux",
        "os_family_release": "6.12.48+deb13-amd64",
        "os_version": "13",
        "test": true,
        "used_rust_preview": true
      },
      "$set_once": {
        "$initial_os": "Linux",
        "initial_flox_version": "1.7.7",
        "initial_kernel_version": "6.12.48+deb13-amd64",
        "initial_os": "debian",
        "initial_os_family": "Linux",
        "initial_os_family_release": "6.12.48+deb13-amd64",
        "initial_os_version": "13"
      },
      "ci": false,
      "containerd": false,
      "distinct_id": "b40414b8-22b2-4377-87ff-80a0aac67ed0",
      "empty_flags": [],
      "extras": {
        "has_includes": "false"
      },
      "kernel_version": "6.12.48+deb13-amd64",
      "os": "debian",
      "os_family": "Linux",
      "os_family_release": "6.12.48+deb13-amd64",
      "os_version": "13",
      "subcommand": "activate"
    },
    "timestamp": "2026-02-21T04:53:40.693598369Z",
    "uuid": "afc9c0a4-ffca-4dc1-bf33-690085dbc040"
  },
  {
    "event": "cli-invocation",
    "properties": {
      "$current_url": "flox://check-upgrade",
      "$device_id": "b40414b8-22b2-4377-87ff-80a0aac67ed0",
      "$lib": "flox-cli",
      "$os": "Linux",
      "$pathname": "check-upgrade",
      "$set": {
        "$os": "Linux",
        "flox_cli_uuid": "b40414b8-22b2-4377-87ff-80a0aac67ed0",
        "flox_version": "1.7.7",
        "kernel_version": "6.12.48+deb13-amd64",
        "os": "debian",
        "os_family": "Linux",
        "os_family_release": "6.12.48+deb13-amd64",
        "os_version": "13",
        "test": true,
        "used_rust_preview": true
      },
      "$set_once": {
        "$initial_os": "Linux",
        "initial_flox_version": "1.7.7",
        "initial_kernel_version": "6.12.48+deb13-amd64",
        "initial_os": "debian",
        "initial_os_family": "Linux",
        "initial_os_family_release": "6.12.48+deb13-amd64",
        "initial_os_version": "13"
      },
      "ci": false,
      "containerd": false,
      "distinct_id": "b40414b8-22b2-4377-87ff-80a0aac67ed0",
      "empty_flags": [],
      "extras": {},
      "kernel_version": "6.12.48+deb13-amd64",
      "os": "debian",
      "os_family": "Linux",
      "os_family_release": "6.12.48+deb13-amd64",
      "os_version": "13",
      "subcommand": "check-upgrade"
    },
    "timestamp": "2026-02-21T04:53:40.708881762Z",
    "uuid": "586c3d01-8318-4854-bf77-eb979193fef7"
  }
]
2026-02-21T04:53:41.101922Z DEBUG flox::utils::metrics: Metrics sent result=Response { url: "https://z7qixlmjr3.execute-api.eu-north-1.amazonaws.com/prod/capture", status: 200, headers: {"date": "Sat, 21 Feb 2026 04:54:17 GMT", "content-type": "application/json", "content-length": "0", "connection": "keep-alive", "x-amzn-requestid": "f9dcd1f0-558b-4d7a-a85c-afb9cd98dd5c", "x-amz-apigw-id": "ZHYS-GDRAi0EGOQ=", "x-amzn-trace-id": "Root=1-69993a79-1f16cb0b036f47b51a6654e1;Parent=54808032f0010afd;Sampled=0"} }
